

CpuManagerMulti (64-Bit) v20170201.0 Open Virtual Platform simulator from www.IMPERAS.com.
Copyright (c) 2005-2017 Imperas Software Ltd.  Contains Imperas Proprietary Information.
Licensed Software, All Rights Reserved.
Visit www.IMPERAS.com for multicore debug, verification and analysis solutions.

CpuManagerMulti started: Thu Aug 22 14:13:29 2019


Info (harness) Running with custom scheduler
Info (16550_BRS) u1/uartTTY0: baud rate=1152000  parity=N  data bits=5  total bits=7 character delay=6usec
Info (harness) Advance Time to 1e-05 seconds
Info (harness) Advance Time to 2e-05 seconds
Info (16550_UWR) u1/uartTTY0: Write to Data register: data=0x48 ('H')
Info (harness) Advance Time to 3e-05 seconds
Info (16550_UWR) u1/uartTTY0: Write to Data register: data=0x65 ('e')
Info (harness) Advance Time to 4e-05 seconds
Info (harness) Advance Time to 5e-05 seconds
Info (16550_UWR) u1/uartTTY0: Write to Data register: data=0x6c ('l')
Info (harness) Advance Time to 6e-05 seconds
Info (16550_UWR) u1/uartTTY0: Write to Data register: data=0x6c ('l')
Info (harness) Advance Time to 7e-05 seconds
Info (16550_UWR) u1/uartTTY0: Write to Data register: data=0x6f ('o')
Info (harness) Advance Time to 8e-05 seconds
Info (16550_UWR) u1/uartTTY0: Write to Data register: data=0x20 (' ')
Info (harness) Advance Time to 9e-05 seconds
Info (16550_UWR) u1/uartTTY0: Write to Data register: data=0x30 ('0')
Info (harness) Advance Time to 0.0001 seconds
Info (16550_UWR) u1/uartTTY0: Write to Data register: data=0x0a (' ')
Info (harness) Advance Time to 0.00011 seconds
Info (harness) Advance Time to 0.00012 seconds
Info (16550_UWR) u1/uartTTY0: Write to Data register: data=0x48 ('H')
Info (harness) Advance Time to 0.00013 seconds
Info (16550_UWR) u1/uartTTY0: Write to Data register: data=0x65 ('e')
Info (harness) Advance Time to 0.00014 seconds
Info (16550_UWR) u1/uartTTY0: Write to Data register: data=0x6c ('l')
Info (harness) Advance Time to 0.00015 seconds
Info (16550_UWR) u1/uartTTY0: Write to Data register: data=0x6c ('l')
Info (harness) Advance Time to 0.00016 seconds
Info (harness) Advance Time to 0.00017 seconds
Info (16550_UWR) u1/uartTTY0: Write to Data register: data=0x6f ('o')
Info (harness) Advance Time to 0.00018 seconds
Info (16550_UWR) u1/uartTTY0: Write to Data register: data=0x20 (' ')
Info (harness) Advance Time to 0.00019 seconds
Info (16550_UWR) u1/uartTTY0: Write to Data register: data=0x31 ('1')
Info (harness) Advance Time to 0.0002 seconds
Info (16550_UWR) u1/uartTTY0: Write to Data register: data=0x0a (' ')
Info (harness) Advance Time to 0.00021 seconds
Info (harness) Advance Time to 0.00022 seconds
Info (16550_UWR) u1/uartTTY0: Write to Data register: data=0x48 ('H')
Info (harness) Advance Time to 0.00023 seconds
Info (16550_UWR) u1/uartTTY0: Write to Data register: data=0x65 ('e')
Info (harness) Advance Time to 0.00024 seconds
Info (16550_UWR) u1/uartTTY0: Write to Data register: data=0x6c ('l')
Info (harness) Advance Time to 0.00025 seconds
Info (16550_UWR) u1/uartTTY0: Write to Data register: data=0x6c ('l')
Info (harness) Advance Time to 0.00026 seconds
Info (16550_UWR) u1/uartTTY0: Write to Data register: data=0x6f ('o')
Info (harness) Advance Time to 0.00027 seconds
Info (harness) Advance Time to 0.00028 seconds
Info (16550_UWR) u1/uartTTY0: Write to Data register: data=0x20 (' ')
Info (harness) Advance Time to 0.00029 seconds
Info (16550_UWR) u1/uartTTY0: Write to Data register: data=0x32 ('2')
Info (harness) Advance Time to 0.0003 seconds
Info (16550_UWR) u1/uartTTY0: Write to Data register: data=0x0a (' ')
Info (harness) Advance Time to 0.00031 seconds
Info (harness) Advance Time to 0.00032 seconds
Info (16550_UWR) u1/uartTTY0: Write to Data register: data=0x48 ('H')
Info (harness) Advance Time to 0.00033 seconds
Info (16550_UWR) u1/uartTTY0: Write to Data register: data=0x65 ('e')
Info (harness) Advance Time to 0.00034 seconds
Info (16550_UWR) u1/uartTTY0: Write to Data register: data=0x6c ('l')
Info (harness) Advance Time to 0.00035 seconds
Info (16550_UWR) u1/uartTTY0: Write to Data register: data=0x6c ('l')
Info (harness) Advance Time to 0.00036 seconds
Info (16550_UWR) u1/uartTTY0: Write to Data register: data=0x6f ('o')
Info (harness) Advance Time to 0.00037 seconds
Info (16550_UWR) u1/uartTTY0: Write to Data register: data=0x20 (' ')
Info (harness) Advance Time to 0.00038 seconds
Info (harness) Advance Time to 0.00039 seconds
Info (16550_UWR) u1/uartTTY0: Write to Data register: data=0x33 ('3')
Info (harness) Advance Time to 0.0004 seconds
Info (16550_UWR) u1/uartTTY0: Write to Data register: data=0x0a (' ')
Info (harness) Advance Time to 0.00041 seconds
Info (harness) Advance Time to 0.00042 seconds
Info (16550_UWR) u1/uartTTY0: Write to Data register: data=0x48 ('H')
Info (harness) Advance Time to 0.00043 seconds
Info (16550_UWR) u1/uartTTY0: Write to Data register: data=0x65 ('e')
Info (harness) Advance Time to 0.00044 seconds
Info (16550_UWR) u1/uartTTY0: Write to Data register: data=0x6c ('l')
Info (harness) Advance Time to 0.00045 seconds
Info (16550_UWR) u1/uartTTY0: Write to Data register: data=0x6c ('l')
Info (harness) Advance Time to 0.00046 seconds
Info (16550_UWR) u1/uartTTY0: Write to Data register: data=0x6f ('o')
Info (harness) Advance Time to 0.00047 seconds
Info (16550_UWR) u1/uartTTY0: Write to Data register: data=0x20 (' ')
Info (harness) Advance Time to 0.00048 seconds
Info (16550_UWR) u1/uartTTY0: Write to Data register: data=0x34 ('4')
Info (harness) Advance Time to 0.00049 seconds
Info (16550_UWR) u1/uartTTY0: Write to Data register: data=0x0a (' ')
Info (harness) Advance Time to 0.0005 seconds
Info (harness) Advance Time to 0.00051 seconds
Info (harness) Advance Time to 0.00052 seconds
Info (16550_UWR) u1/uartTTY0: Write to Data register: data=0x48 ('H')
Info (harness) Advance Time to 0.00053 seconds
Info (16550_UWR) u1/uartTTY0: Write to Data register: data=0x65 ('e')
Info (harness) Advance Time to 0.00054 seconds
Info (16550_UWR) u1/uartTTY0: Write to Data register: data=0x6c ('l')
Info (harness) Advance Time to 0.00055 seconds
Info (16550_UWR) u1/uartTTY0: Write to Data register: data=0x6c ('l')
Info (harness) Advance Time to 0.00056 seconds
Info (16550_UWR) u1/uartTTY0: Write to Data register: data=0x6f ('o')
Info (harness) Advance Time to 0.00057 seconds
Info (16550_UWR) u1/uartTTY0: Write to Data register: data=0x20 (' ')
Info (harness) Advance Time to 0.00058 seconds
Info (16550_UWR) u1/uartTTY0: Write to Data register: data=0x35 ('5')
Info (harness) Advance Time to 0.00059 seconds
Info (16550_UWR) u1/uartTTY0: Write to Data register: data=0x0a (' ')
Info (harness) Advance Time to 0.0006 seconds
Info (harness) Advance Time to 0.00061 seconds
Info (16550_UWR) u1/uartTTY0: Write to Data register: data=0x48 ('H')
Info (harness) Advance Time to 0.00062 seconds
Info (harness) Advance Time to 0.00063 seconds
Info (16550_UWR) u1/uartTTY0: Write to Data register: data=0x65 ('e')
Info (harness) Advance Time to 0.00064 seconds
Info (16550_UWR) u1/uartTTY0: Write to Data register: data=0x6c ('l')
Info (harness) Advance Time to 0.00065 seconds
Info (16550_UWR) u1/uartTTY0: Write to Data register: data=0x6c ('l')
Info (harness) Advance Time to 0.00066 seconds
Info (16550_UWR) u1/uartTTY0: Write to Data register: data=0x6f ('o')
Info (harness) Advance Time to 0.00067 seconds
Info (16550_UWR) u1/uartTTY0: Write to Data register: data=0x20 (' ')
Info (harness) Advance Time to 0.00068 seconds
Info (16550_UWR) u1/uartTTY0: Write to Data register: data=0x36 ('6')
Info (harness) Advance Time to 0.00069 seconds
Info (16550_UWR) u1/uartTTY0: Write to Data register: data=0x0a (' ')
Info (harness) Advance Time to 0.0007 seconds
Info (harness) Advance Time to 0.00071 seconds
Info (16550_UWR) u1/uartTTY0: Write to Data register: data=0x48 ('H')
Info (harness) Advance Time to 0.00072 seconds
Info (16550_UWR) u1/uartTTY0: Write to Data register: data=0x65 ('e')
Info (harness) Advance Time to 0.00073 seconds
Info (harness) Advance Time to 0.00074 seconds
Info (16550_UWR) u1/uartTTY0: Write to Data register: data=0x6c ('l')
Info (harness) Advance Time to 0.00075 seconds
Info (16550_UWR) u1/uartTTY0: Write to Data register: data=0x6c ('l')
Info (harness) Advance Time to 0.00076 seconds
Info (16550_UWR) u1/uartTTY0: Write to Data register: data=0x6f ('o')
Info (harness) Advance Time to 0.00077 seconds
Info (16550_UWR) u1/uartTTY0: Write to Data register: data=0x20 (' ')
Info (harness) Advance Time to 0.00078 seconds
Info (16550_UWR) u1/uartTTY0: Write to Data register: data=0x37 ('7')
Info (harness) Advance Time to 0.00079 seconds
Info (16550_UWR) u1/uartTTY0: Write to Data register: data=0x0a (' ')
Info (harness) Advance Time to 0.0008 seconds
Info (harness) Advance Time to 0.00081 seconds
Info (16550_UWR) u1/uartTTY0: Write to Data register: data=0x48 ('H')
Info (harness) Advance Time to 0.00082 seconds
Info (16550_UWR) u1/uartTTY0: Write to Data register: data=0x65 ('e')
Info (harness) Advance Time to 0.00083 seconds
Info (16550_UWR) u1/uartTTY0: Write to Data register: data=0x6c ('l')
Info (harness) Advance Time to 0.00084 seconds
Info (16550_UWR) u1/uartTTY0: Write to Data register: data=0x6c ('l')
Info (harness) Advance Time to 0.00085 seconds
Info (harness) Advance Time to 0.00086 seconds
Info (16550_UWR) u1/uartTTY0: Write to Data register: data=0x6f ('o')
Info (harness) Advance Time to 0.00087 seconds
Info (16550_UWR) u1/uartTTY0: Write to Data register: data=0x20 (' ')
Info (harness) Advance Time to 0.00088 seconds
Info (16550_UWR) u1/uartTTY0: Write to Data register: data=0x38 ('8')
Info (harness) Advance Time to 0.00089 seconds
Info (16550_UWR) u1/uartTTY0: Write to Data register: data=0x0a (' ')
Info (harness) Advance Time to 0.0009 seconds
Info (harness) Simulation Complete (CPU has exited)
Info (harness) Time at Completion 0.0009 seconds

CpuManagerMulti finished: Thu Aug 22 14:13:29 2019


CpuManagerMulti (64-Bit) v20170201.0 Open Virtual Platform simulator from www.IMPERAS.com.
Visit www.IMPERAS.com for multicore debug, verification and analysis solutions.

